{
  "0 debug pnpm:scope": {
    "selected": 1
  },
  "1 error pnpm": {
    "code": "ELIFECYCLE",
    "errno": "ENOENT",
    "syscall": "spawn",
    "file": "sh",
    "pkgid": "variable-fonts@1.0.0",
    "stage": "start",
    "script": "live-server --port=5000 --host=localhost .",
    "pkgname": "variable-fonts",
    "err": {
      "name": "pnpm",
      "message": "variable-fonts@1.0.0 start: `live-server --port=5000 --host=localhost .`\nspawn ENOENT",
      "code": "ELIFECYCLE",
      "stack": "pnpm: variable-fonts@1.0.0 start: `live-server --port=5000 --host=localhost .`\nspawn ENOENT\n    at ChildProcess.<anonymous> (/home/dance2die/.fnm/node-versions/v16.0.0/installation/pnpm-global/5/node_modules/.pnpm/pnpm@6.16.1/node_modules/pnpm/dist/pnpm.cjs:92882:22)\n    at ChildProcess.emit (node:events:365:28)\n    at maybeClose (node:internal/child_process:1067:16)\n    at Process.ChildProcess._handle.onexit (node:internal/child_process:301:5)"
    }
  },
  "2 warn pnpm:global": " Local package.json exists, but node_modules missing, did you mean to install?"
}